[INFO ] 2024-03-28 11:45:18.539 [main] AcomodadorApplication - Starting AcomodadorApplication using Java 17.0.10 with PID 7684 (C:\Users\gabriel.guardiola\OneDrive - BABEL\Documentos\Projects\acomodador-api\target\classes started by gabriel.guardiola in C:\Users\gabriel.guardiola\OneDrive - BABEL\Documentos\Projects\acomodador-api)
[INFO ] 2024-03-28 11:45:18.557 [main] AcomodadorApplication - No active profile set, falling back to 1 default profile: "default"
[INFO ] 2024-03-28 11:46:04.154 [main] AcomodadorApplication - Starting AcomodadorApplication using Java 17.0.10 with PID 18448 (C:\Users\gabriel.guardiola\OneDrive - BABEL\Documentos\Projects\acomodador-api\target\classes started by gabriel.guardiola in C:\Users\gabriel.guardiola\OneDrive - BABEL\Documentos\Projects\acomodador-api)
[INFO ] 2024-03-28 11:46:04.173 [main] AcomodadorApplication - No active profile set, falling back to 1 default profile: "default"
[INFO ] 2024-03-28 11:46:09.840 [main] AcomodadorApplication - RoomService initialized
[INFO ] 2024-03-28 11:46:11.126 [main] AcomodadorApplication - Started AcomodadorApplication in 7.737 seconds (process running for 9.129)
[INFO ] 2024-03-28 12:05:52.223 [main] AcomodadorApplication - Starting AcomodadorApplication using Java 17.0.10 with PID 12112 (C:\Users\gabriel.guardiola\OneDrive - BABEL\Documentos\Projects\acomodador-api\target\classes started by gabriel.guardiola in C:\Users\gabriel.guardiola\OneDrive - BABEL\Documentos\Projects\acomodador-api)
[INFO ] 2024-03-28 12:05:52.251 [main] AcomodadorApplication - No active profile set, falling back to 1 default profile: "default"
[INFO ] 2024-03-28 12:05:59.456 [main] AcomodadorApplication - RoomService initialized
[INFO ] 2024-03-28 12:06:00.283 [main] AcomodadorApplication - Started AcomodadorApplication in 8.75 seconds (process running for 10.161)
[INFO ] 2024-03-28 12:06:38.386 [main] AcomodadorApplication - Starting AcomodadorApplication using Java 17.0.10 with PID 18800 (C:\Users\gabriel.guardiola\OneDrive - BABEL\Documentos\Projects\acomodador-api\target\classes started by gabriel.guardiola in C:\Users\gabriel.guardiola\OneDrive - BABEL\Documentos\Projects\acomodador-api)
[INFO ] 2024-03-28 12:06:38.406 [main] AcomodadorApplication - No active profile set, falling back to 1 default profile: "default"
[INFO ] 2024-03-28 12:06:43.800 [main] AcomodadorApplication - RoomService initialized
[INFO ] 2024-03-28 12:06:44.461 [main] AcomodadorApplication - Started AcomodadorApplication in 6.663 seconds (process running for 8.017)
[INFO ] 2024-03-28 12:07:10.235 [main] AcomodadorApplication - Starting AcomodadorApplication using Java 17.0.10 with PID 17548 (C:\Users\gabriel.guardiola\OneDrive - BABEL\Documentos\Projects\acomodador-api\target\classes started by gabriel.guardiola in C:\Users\gabriel.guardiola\OneDrive - BABEL\Documentos\Projects\acomodador-api)
[INFO ] 2024-03-28 12:07:10.259 [main] AcomodadorApplication - No active profile set, falling back to 1 default profile: "default"
[INFO ] 2024-03-28 12:07:16.546 [main] AcomodadorApplication - RoomService initialized
[INFO ] 2024-03-28 12:07:17.377 [main] AcomodadorApplication - Started AcomodadorApplication in 7.923 seconds (process running for 9.394)
[INFO ] 2024-03-28 12:08:15.355 [main] AcomodadorApplication - Starting AcomodadorApplication using Java 17.0.10 with PID 12348 (C:\Users\gabriel.guardiola\OneDrive - BABEL\Documentos\Projects\acomodador-api\target\classes started by gabriel.guardiola in C:\Users\gabriel.guardiola\OneDrive - BABEL\Documentos\Projects\acomodador-api)
[INFO ] 2024-03-28 12:08:15.373 [main] AcomodadorApplication - No active profile set, falling back to 1 default profile: "default"
[INFO ] 2024-03-28 12:08:21.155 [main] AcomodadorApplication - RoomService initialized
[INFO ] 2024-03-28 12:08:21.875 [main] AcomodadorApplication - Started AcomodadorApplication in 7.219 seconds (process running for 8.678)
[INFO ] 2024-03-28 12:08:50.037 [main] AcomodadorApplication - Starting AcomodadorApplication using Java 17.0.10 with PID 5052 (C:\Users\gabriel.guardiola\OneDrive - BABEL\Documentos\Projects\acomodador-api\target\classes started by gabriel.guardiola in C:\Users\gabriel.guardiola\OneDrive - BABEL\Documentos\Projects\acomodador-api)
[INFO ] 2024-03-28 12:08:50.058 [main] AcomodadorApplication - No active profile set, falling back to 1 default profile: "default"
[INFO ] 2024-03-28 12:08:56.189 [main] AcomodadorApplication - RoomService initialized
[INFO ] 2024-03-28 12:08:57.052 [main] AcomodadorApplication - Started AcomodadorApplication in 7.691 seconds (process running for 9.081)
[INFO ] 2024-03-28 12:10:21.768 [main] AcomodadorApplication - Starting AcomodadorApplication using Java 17.0.10 with PID 11012 (C:\Users\gabriel.guardiola\OneDrive - BABEL\Documentos\Projects\acomodador-api\target\classes started by gabriel.guardiola in C:\Users\gabriel.guardiola\OneDrive - BABEL\Documentos\Projects\acomodador-api)
[INFO ] 2024-03-28 12:10:21.791 [main] AcomodadorApplication - No active profile set, falling back to 1 default profile: "default"
[INFO ] 2024-03-28 12:10:27.116 [main] AcomodadorApplication - RoomService initialized
[INFO ] 2024-03-28 12:10:27.969 [main] AcomodadorApplication - Started AcomodadorApplication in 6.883 seconds (process running for 8.307)
[INFO ] 2024-03-28 12:12:23.998 [main] AcomodadorApplication - Starting AcomodadorApplication using Java 17.0.10 with PID 15512 (C:\Users\gabriel.guardiola\OneDrive - BABEL\Documentos\Projects\acomodador-api\target\classes started by gabriel.guardiola in C:\Users\gabriel.guardiola\OneDrive - BABEL\Documentos\Projects\acomodador-api)
[INFO ] 2024-03-28 12:12:24.018 [main] AcomodadorApplication - No active profile set, falling back to 1 default profile: "default"
[INFO ] 2024-03-28 12:12:29.738 [main] AcomodadorApplication - RoomService initialized
[INFO ] 2024-03-28 12:12:30.484 [main] AcomodadorApplication - Started AcomodadorApplication in 7.156 seconds (process running for 8.518)
[INFO ] 2024-03-28 12:13:09.500 [main] AcomodadorApplication - Starting AcomodadorApplication using Java 17.0.10 with PID 6392 (C:\Users\gabriel.guardiola\OneDrive - BABEL\Documentos\Projects\acomodador-api\target\classes started by gabriel.guardiola in C:\Users\gabriel.guardiola\OneDrive - BABEL\Documentos\Projects\acomodador-api)
[INFO ] 2024-03-28 12:13:09.521 [main] AcomodadorApplication - No active profile set, falling back to 1 default profile: "default"
[INFO ] 2024-03-28 12:13:15.144 [main] AcomodadorApplication - RoomService initialized
[INFO ] 2024-03-28 12:13:15.874 [main] AcomodadorApplication - Started AcomodadorApplication in 7.016 seconds (process running for 8.533)
[INFO ] 2024-03-28 12:14:14.097 [main] AcomodadorApplication - Starting AcomodadorApplication using Java 17.0.10 with PID 15528 (C:\Users\gabriel.guardiola\OneDrive - BABEL\Documentos\Projects\acomodador-api\target\classes started by gabriel.guardiola in C:\Users\gabriel.guardiola\OneDrive - BABEL\Documentos\Projects\acomodador-api)
[INFO ] 2024-03-28 12:14:14.122 [main] AcomodadorApplication - No active profile set, falling back to 1 default profile: "default"
[INFO ] 2024-03-28 12:14:20.224 [main] AcomodadorApplication - RoomService initialized
[INFO ] 2024-03-28 12:14:20.941 [main] AcomodadorApplication - Started AcomodadorApplication in 7.561 seconds (process running for 9.011)
[INFO ] 2024-03-28 12:20:04.477 [main] AcomodadorApplication - Starting AcomodadorApplication using Java 17.0.10 with PID 15820 (C:\Users\gabriel.guardiola\OneDrive - BABEL\Documentos\Projects\acomodador-api\target\classes started by gabriel.guardiola in C:\Users\gabriel.guardiola\OneDrive - BABEL\Documentos\Projects\acomodador-api)
[INFO ] 2024-03-28 12:20:04.495 [main] AcomodadorApplication - No active profile set, falling back to 1 default profile: "default"
[INFO ] 2024-03-28 12:20:10.432 [main] AcomodadorApplication - RoomService initialized
[INFO ] 2024-03-28 12:20:11.174 [main] AcomodadorApplication - Started AcomodadorApplication in 7.342 seconds (process running for 8.68)
[INFO ] 2024-03-28 13:01:42.510 [main] AcomodadorApplication - Starting AcomodadorApplication using Java 17.0.10 with PID 19828 (C:\Users\gabriel.guardiola\OneDrive - BABEL\Documentos\Projects\acomodador-api\target\classes started by gabriel.guardiola in C:\Users\gabriel.guardiola\OneDrive - BABEL\Documentos\Projects\acomodador-api)
[INFO ] 2024-03-28 13:01:42.522 [main] AcomodadorApplication - No active profile set, falling back to 1 default profile: "default"
[INFO ] 2024-03-28 13:01:48.946 [main] AcomodadorApplication - RoomService initialized
[INFO ] 2024-03-28 13:01:49.706 [main] AcomodadorApplication - Started AcomodadorApplication in 7.929 seconds (process running for 9.559)
[INFO ] 2024-03-28 13:47:31.202 [main] AcomodadorApplication - Starting AcomodadorApplication using Java 17.0.10 with PID 14404 (C:\Users\gabriel.guardiola\OneDrive - BABEL\Documentos\Projects\acomodador-api\target\classes started by gabriel.guardiola in C:\Users\gabriel.guardiola\OneDrive - BABEL\Documentos\Projects\acomodador-api)
[INFO ] 2024-03-28 13:47:31.220 [main] AcomodadorApplication - No active profile set, falling back to 1 default profile: "default"
[INFO ] 2024-03-28 13:47:37.625 [main] AcomodadorApplication - RoomService initialized
[INFO ] 2024-03-28 13:47:38.354 [main] AcomodadorApplication - Started AcomodadorApplication in 7.855 seconds (process running for 9.47)
[INFO ] 2024-03-28 13:53:17.198 [main] AcomodadorApplication - Starting AcomodadorApplication using Java 17.0.10 with PID 5412 (C:\Users\gabriel.guardiola\OneDrive - BABEL\Documentos\Projects\acomodador-api\target\classes started by gabriel.guardiola in C:\Users\gabriel.guardiola\OneDrive - BABEL\Documentos\Projects\acomodador-api)
[INFO ] 2024-03-28 13:53:17.218 [main] AcomodadorApplication - No active profile set, falling back to 1 default profile: "default"
[INFO ] 2024-03-28 13:53:23.916 [main] AcomodadorApplication - RoomService initialized
[INFO ] 2024-03-28 13:53:24.576 [main] AcomodadorApplication - Started AcomodadorApplication in 8.212 seconds (process running for 10.198)
[INFO ] 2024-03-28 19:08:59.396 [main] AcomodadorApplication - Starting AcomodadorApplication using Java 17.0.10 with PID 3576 (C:\Users\gabriel.guardiola\OneDrive - BABEL\Documentos\Projects\acomodador-api\target\classes started by gabriel.guardiola in C:\Users\gabriel.guardiola\OneDrive - BABEL\Documentos\Projects\acomodador-api)
[INFO ] 2024-03-28 19:08:59.422 [main] AcomodadorApplication - No active profile set, falling back to 1 default profile: "default"
[INFO ] 2024-03-28 19:09:09.316 [main] AcomodadorApplication - RoomService initialized
[INFO ] 2024-03-28 19:09:10.348 [main] AcomodadorApplication - Started AcomodadorApplication in 11.898 seconds (process running for 14.1)
[INFO ] 2024-03-28 19:09:20.692 [http-nio-8080-exec-2] AcomodadorApplication - Room request received
[INFO ] 2024-03-28 19:09:29.309 [http-nio-8080-exec-3] AcomodadorApplication - Purchase request received: com.gabodev.acomodador.dto.PurchaseTicketRequest@61122e08
[INFO ] 2024-03-28 19:09:30.832 [http-nio-8080-exec-5] AcomodadorApplication - Purchase request received: com.gabodev.acomodador.dto.PurchaseTicketRequest@39a139de
[INFO ] 2024-03-28 19:12:06.276 [http-nio-8080-exec-9] AcomodadorApplication - Room request received
[INFO ] 2024-03-28 19:12:56.992 [http-nio-8080-exec-4] AcomodadorApplication - Room request received
[INFO ] 2024-03-28 19:14:41.762 [main] AcomodadorApplication - Starting AcomodadorApplication using Java 17.0.10 with PID 6532 (C:\Users\gabriel.guardiola\OneDrive - BABEL\Documentos\Projects\acomodador-api\target\classes started by gabriel.guardiola in C:\Users\gabriel.guardiola\OneDrive - BABEL\Documentos\Projects\acomodador-api)
[INFO ] 2024-03-28 19:14:41.779 [main] AcomodadorApplication - No active profile set, falling back to 1 default profile: "default"
[INFO ] 2024-03-28 19:14:47.749 [main] AcomodadorApplication - RoomService initialized
[INFO ] 2024-03-28 19:14:48.498 [main] AcomodadorApplication - Started AcomodadorApplication in 7.559 seconds (process running for 9.278)
[INFO ] 2024-03-28 19:18:07.331 [http-nio-8080-exec-5] AcomodadorApplication - Room request received
[INFO ] 2024-03-28 19:18:14.067 [http-nio-8080-exec-3] AcomodadorApplication - Purchase request received: com.gabodev.acomodador.dto.PurchaseTicketRequest@3691a3ec
[INFO ] 2024-03-28 19:22:37.249 [main] AcomodadorApplication - Starting AcomodadorApplication using Java 17.0.10 with PID 17868 (C:\Users\gabriel.guardiola\OneDrive - BABEL\Documentos\Projects\acomodador-api\target\classes started by gabriel.guardiola in C:\Users\gabriel.guardiola\OneDrive - BABEL\Documentos\Projects\acomodador-api)
[INFO ] 2024-03-28 19:22:37.267 [main] AcomodadorApplication - No active profile set, falling back to 1 default profile: "default"
[INFO ] 2024-03-28 19:22:43.794 [main] AcomodadorApplication - RoomService initialized
[INFO ] 2024-03-28 19:22:44.555 [main] AcomodadorApplication - Started AcomodadorApplication in 8.142 seconds (process running for 9.849)
[INFO ] 2024-03-28 19:23:12.337 [http-nio-8080-exec-3] AcomodadorApplication - Purchase request received: com.gabodev.acomodador.dto.PurchaseTicketRequest@6fc17e00
[INFO ] 2024-03-28 19:23:12.553 [http-nio-8080-exec-3] AcomodadorApplication - Seat assigned: ChairDto(row=5, occupied=false, seatNumber=1)
[INFO ] 2024-03-28 19:23:23.981 [http-nio-8080-exec-1] AcomodadorApplication - Purchase request received: com.gabodev.acomodador.dto.PurchaseTicketRequest@24ec0001
[INFO ] 2024-03-28 19:23:23.989 [http-nio-8080-exec-1] AcomodadorApplication - Seat assigned: ChairDto(row=5, occupied=false, seatNumber=1)
[INFO ] 2024-03-28 19:23:26.781 [http-nio-8080-exec-2] AcomodadorApplication - Purchase request received: com.gabodev.acomodador.dto.PurchaseTicketRequest@16d939ff
[INFO ] 2024-03-28 19:23:26.781 [http-nio-8080-exec-2] AcomodadorApplication - Seat assigned: ChairDto(row=5, occupied=false, seatNumber=1)
[INFO ] 2024-03-28 19:38:29.769 [main] AcomodadorApplication - Starting AcomodadorApplication using Java 17.0.10 with PID 15156 (C:\Users\gabriel.guardiola\OneDrive - BABEL\Documentos\Projects\acomodador-api\target\classes started by gabriel.guardiola in C:\Users\gabriel.guardiola\OneDrive - BABEL\Documentos\Projects\acomodador-api)
[INFO ] 2024-03-28 19:38:29.781 [main] AcomodadorApplication - No active profile set, falling back to 1 default profile: "default"
[INFO ] 2024-03-28 19:47:50.904 [main] AcomodadorApplication - Starting AcomodadorApplication using Java 17.0.10 with PID 4696 (C:\Users\gabriel.guardiola\OneDrive - BABEL\Documentos\Projects\acomodador-api\target\classes started by gabriel.guardiola in C:\Users\gabriel.guardiola\OneDrive - BABEL\Documentos\Projects\acomodador-api)
[INFO ] 2024-03-28 19:47:50.924 [main] AcomodadorApplication - No active profile set, falling back to 1 default profile: "default"
[INFO ] 2024-03-28 19:50:48.397 [main] AcomodadorApplication - Starting AcomodadorApplication using Java 17.0.10 with PID 3624 (C:\Users\gabriel.guardiola\OneDrive - BABEL\Documentos\Projects\acomodador-api\target\classes started by gabriel.guardiola in C:\Users\gabriel.guardiola\OneDrive - BABEL\Documentos\Projects\acomodador-api)
[INFO ] 2024-03-28 19:50:48.415 [main] AcomodadorApplication - No active profile set, falling back to 1 default profile: "default"
[INFO ] 2024-03-28 19:50:54.730 [main] AcomodadorApplication - RoomService initialized
[INFO ] 2024-03-28 19:50:55.529 [main] AcomodadorApplication - Started AcomodadorApplication in 7.918 seconds (process running for 9.478)
[INFO ] 2024-03-28 19:51:15.896 [http-nio-8080-exec-1] AcomodadorApplication - Room request received
[INFO ] 2024-03-28 19:54:39.515 [main] AcomodadorApplication - Starting AcomodadorApplication using Java 17.0.10 with PID 17352 (C:\Users\gabriel.guardiola\OneDrive - BABEL\Documentos\Projects\acomodador-api\target\classes started by gabriel.guardiola in C:\Users\gabriel.guardiola\OneDrive - BABEL\Documentos\Projects\acomodador-api)
[INFO ] 2024-03-28 19:54:39.537 [main] AcomodadorApplication - No active profile set, falling back to 1 default profile: "default"
[INFO ] 2024-03-28 19:54:45.881 [main] AcomodadorApplication - RoomService initialized
[INFO ] 2024-03-28 19:54:46.637 [main] AcomodadorApplication - Started AcomodadorApplication in 8.006 seconds (process running for 9.713)
[INFO ] 2024-03-28 19:55:12.481 [http-nio-8080-exec-2] AcomodadorApplication - Room request received
[INFO ] 2024-03-28 19:58:22.318 [main] AcomodadorApplication - Starting AcomodadorApplication using Java 17.0.10 with PID 10148 (C:\Users\gabriel.guardiola\OneDrive - BABEL\Documentos\Projects\acomodador-api\target\classes started by gabriel.guardiola in C:\Users\gabriel.guardiola\OneDrive - BABEL\Documentos\Projects\acomodador-api)
[INFO ] 2024-03-28 19:58:22.341 [main] AcomodadorApplication - No active profile set, falling back to 1 default profile: "default"
[INFO ] 2024-03-28 19:58:28.975 [main] AcomodadorApplication - RoomService initialized
[INFO ] 2024-03-28 19:58:29.819 [main] AcomodadorApplication - Started AcomodadorApplication in 8.236 seconds (process running for 9.828)
[INFO ] 2024-03-28 19:58:37.041 [http-nio-8080-exec-1] AcomodadorApplication - Room request received
[INFO ] 2024-03-28 20:01:13.181 [main] AcomodadorApplication - Starting AcomodadorApplication using Java 17.0.10 with PID 11944 (C:\Users\gabriel.guardiola\OneDrive - BABEL\Documentos\Projects\acomodador-api\target\classes started by gabriel.guardiola in C:\Users\gabriel.guardiola\OneDrive - BABEL\Documentos\Projects\acomodador-api)
[INFO ] 2024-03-28 20:01:13.195 [main] AcomodadorApplication - No active profile set, falling back to 1 default profile: "default"
[INFO ] 2024-03-28 20:01:20.002 [main] AcomodadorApplication - RoomService initialized
[INFO ] 2024-03-28 20:01:20.847 [main] AcomodadorApplication - Started AcomodadorApplication in 8.429 seconds (process running for 10.122)
[INFO ] 2024-03-28 20:01:28.082 [http-nio-8080-exec-1] AcomodadorApplication - Room request received
[INFO ] 2024-03-28 20:06:53.506 [main] AcomodadorApplication - Starting AcomodadorApplication using Java 17.0.10 with PID 5400 (C:\Users\gabriel.guardiola\OneDrive - BABEL\Documentos\Projects\acomodador-api\target\classes started by gabriel.guardiola in C:\Users\gabriel.guardiola\OneDrive - BABEL\Documentos\Projects\acomodador-api)
[INFO ] 2024-03-28 20:06:53.519 [main] AcomodadorApplication - No active profile set, falling back to 1 default profile: "default"
[INFO ] 2024-03-28 20:07:00.721 [main] AcomodadorApplication - RoomService initialized
[INFO ] 2024-03-28 20:07:01.400 [main] AcomodadorApplication - Started AcomodadorApplication in 8.591 seconds (process running for 10.064)
[INFO ] 2024-03-28 20:07:11.434 [http-nio-8080-exec-3] AcomodadorApplication - Room request received
[INFO ] 2024-03-28 20:07:31.365 [http-nio-8080-exec-2] AcomodadorApplication - Purchase request received: com.gabodev.acomodador.dto.PurchaseTicketRequest@173b1d89
[INFO ] 2024-03-28 20:07:31.552 [http-nio-8080-exec-2] AcomodadorApplication - Seat assigned: ChairDto(row=RowDto(chairs=[], rowNumber=5), occupied=false, seatNumber=1)
[INFO ] 2024-03-28 20:07:39.425 [http-nio-8080-exec-4] AcomodadorApplication - Purchase request received: com.gabodev.acomodador.dto.PurchaseTicketRequest@34607420
[INFO ] 2024-03-28 20:07:39.432 [http-nio-8080-exec-4] AcomodadorApplication - Seat assigned: ChairDto(row=RowDto(chairs=[], rowNumber=5), occupied=false, seatNumber=1)
[INFO ] 2024-03-28 20:07:40.501 [http-nio-8080-exec-5] AcomodadorApplication - Purchase request received: com.gabodev.acomodador.dto.PurchaseTicketRequest@1f1ad7f0
[INFO ] 2024-03-28 20:07:40.504 [http-nio-8080-exec-5] AcomodadorApplication - Seat assigned: ChairDto(row=RowDto(chairs=[], rowNumber=5), occupied=false, seatNumber=1)
