[INFO ] 2024-03-29 10:58:41.210 [http-nio-8080-exec-7] AcomodadorApplication - Room request received
[INFO ] 2024-03-29 10:58:49.215 [http-nio-8080-exec-9] AcomodadorApplication - Purchase request received: com.gabodev.acomodador.dto.PurchaseTicketRequest@59738908
[INFO ] 2024-03-29 10:58:49.263 [http-nio-8080-exec-9] AcomodadorApplication - Seat assigned: ChairDto(row=RowDto(chairs=[], rowNumber=5), occupied=false, seatNumber=1)
[INFO ] 2024-03-29 10:58:59.136 [http-nio-8080-exec-10] AcomodadorApplication - Purchase request received: com.gabodev.acomodador.dto.PurchaseTicketRequest@319180e9
[INFO ] 2024-03-29 10:58:59.136 [http-nio-8080-exec-10] AcomodadorApplication - Seat assigned: ChairDto(row=RowDto(chairs=[], rowNumber=5), occupied=false, seatNumber=1)
[INFO ] 2024-03-29 10:59:05.367 [http-nio-8080-exec-1] AcomodadorApplication - Purchase request received: com.gabodev.acomodador.dto.PurchaseTicketRequest@28f6ad24
[INFO ] 2024-03-29 10:59:05.375 [http-nio-8080-exec-1] AcomodadorApplication - Seat assigned: ChairDto(row=RowDto(chairs=[], rowNumber=5), occupied=false, seatNumber=3)
[INFO ] 2024-03-29 10:59:05.375 [http-nio-8080-exec-1] AcomodadorApplication - Seat assigned: ChairDto(row=RowDto(chairs=[], rowNumber=5), occupied=false, seatNumber=1)
[INFO ] 2024-03-29 10:59:05.391 [http-nio-8080-exec-1] AcomodadorApplication - Seat assigned: ChairDto(row=RowDto(chairs=[], rowNumber=5), occupied=false, seatNumber=2)
[INFO ] 2024-03-29 10:59:05.399 [http-nio-8080-exec-1] AcomodadorApplication - Seat assigned: ChairDto(row=RowDto(chairs=[], rowNumber=5), occupied=false, seatNumber=4)
[INFO ] 2024-03-29 10:59:34.673 [http-nio-8080-exec-3] AcomodadorApplication - Room request received
[INFO ] 2024-03-29 11:01:04.166 [http-nio-8080-exec-5] AcomodadorApplication - Room request received
[INFO ] 2024-03-29 11:31:08.548 [main] AcomodadorApplication - Starting AcomodadorApplication using Java 17.0.10 with PID 22804 (C:\Users\gabriel.guardiola\OneDrive - BABEL\Documentos\Projects\acomodador-api\target\classes started by gabriel.guardiola in C:\Users\gabriel.guardiola\OneDrive - BABEL\Documentos\Projects\acomodador-api)
[INFO ] 2024-03-29 11:31:08.571 [main] AcomodadorApplication - No active profile set, falling back to 1 default profile: "default"
[INFO ] 2024-03-29 11:31:15.978 [main] AcomodadorApplication - RoomService initialized
[INFO ] 2024-03-29 11:31:16.831 [main] AcomodadorApplication - Started AcomodadorApplication in 9.234 seconds (process running for 10.855)
[INFO ] 2024-03-29 11:37:49.033 [main] AcomodadorApplication - Starting AcomodadorApplication using Java 17.0.10 with PID 9944 (C:\Users\gabriel.guardiola\OneDrive - BABEL\Documentos\Projects\acomodador-api\target\classes started by gabriel.guardiola in C:\Users\gabriel.guardiola\OneDrive - BABEL\Documentos\Projects\acomodador-api)
[INFO ] 2024-03-29 11:37:49.051 [main] AcomodadorApplication - No active profile set, falling back to 1 default profile: "default"
[INFO ] 2024-03-29 11:43:02.120 [main] AcomodadorApplication - Starting AcomodadorApplication using Java 17.0.10 with PID 11988 (C:\Users\gabriel.guardiola\OneDrive - BABEL\Documentos\Projects\acomodador-api\target\classes started by gabriel.guardiola in C:\Users\gabriel.guardiola\OneDrive - BABEL\Documentos\Projects\acomodador-api)
[INFO ] 2024-03-29 11:43:02.131 [main] AcomodadorApplication - No active profile set, falling back to 1 default profile: "default"
[INFO ] 2024-03-29 11:44:34.936 [main] AcomodadorApplication - Starting AcomodadorApplication using Java 17.0.10 with PID 23444 (C:\Users\gabriel.guardiola\OneDrive - BABEL\Documentos\Projects\acomodador-api\target\classes started by gabriel.guardiola in C:\Users\gabriel.guardiola\OneDrive - BABEL\Documentos\Projects\acomodador-api)
[INFO ] 2024-03-29 11:44:34.949 [main] AcomodadorApplication - No active profile set, falling back to 1 default profile: "default"
[INFO ] 2024-03-29 11:50:36.591 [main] AcomodadorApplication - Starting AcomodadorApplication using Java 17.0.10 with PID 12924 (C:\Users\gabriel.guardiola\OneDrive - BABEL\Documentos\Projects\acomodador-api\target\classes started by gabriel.guardiola in C:\Users\gabriel.guardiola\OneDrive - BABEL\Documentos\Projects\acomodador-api)
[INFO ] 2024-03-29 11:50:36.600 [main] AcomodadorApplication - No active profile set, falling back to 1 default profile: "default"
[INFO ] 2024-03-29 11:52:12.047 [main] AcomodadorApplication - Starting AcomodadorApplication using Java 17.0.10 with PID 7436 (C:\Users\gabriel.guardiola\OneDrive - BABEL\Documentos\Projects\acomodador-api\target\classes started by gabriel.guardiola in C:\Users\gabriel.guardiola\OneDrive - BABEL\Documentos\Projects\acomodador-api)
[INFO ] 2024-03-29 11:52:12.060 [main] AcomodadorApplication - No active profile set, falling back to 1 default profile: "default"
[INFO ] 2024-03-29 12:07:46.364 [main] AcomodadorApplication - Starting AcomodadorApplication using Java 17.0.10 with PID 8968 (C:\Users\gabriel.guardiola\OneDrive - BABEL\Documentos\Projects\acomodador-api\target\classes started by gabriel.guardiola in C:\Users\gabriel.guardiola\OneDrive - BABEL\Documentos\Projects\acomodador-api)
[INFO ] 2024-03-29 12:07:46.377 [main] AcomodadorApplication - No active profile set, falling back to 1 default profile: "default"
[INFO ] 2024-03-29 12:09:06.710 [main] AcomodadorApplication - Starting AcomodadorApplication using Java 17.0.10 with PID 5972 (C:\Users\gabriel.guardiola\OneDrive - BABEL\Documentos\Projects\acomodador-api\target\classes started by gabriel.guardiola in C:\Users\gabriel.guardiola\OneDrive - BABEL\Documentos\Projects\acomodador-api)
[INFO ] 2024-03-29 12:09:06.720 [main] AcomodadorApplication - No active profile set, falling back to 1 default profile: "default"
[INFO ] 2024-03-29 12:09:38.036 [main] AcomodadorApplication - Starting AcomodadorApplication using Java 17.0.10 with PID 16348 (C:\Users\gabriel.guardiola\OneDrive - BABEL\Documentos\Projects\acomodador-api\target\classes started by gabriel.guardiola in C:\Users\gabriel.guardiola\OneDrive - BABEL\Documentos\Projects\acomodador-api)
[INFO ] 2024-03-29 12:09:38.050 [main] AcomodadorApplication - No active profile set, falling back to 1 default profile: "default"
[INFO ] 2024-03-29 12:10:26.867 [main] AcomodadorApplication - Starting AcomodadorApplication using Java 17.0.10 with PID 6716 (C:\Users\gabriel.guardiola\OneDrive - BABEL\Documentos\Projects\acomodador-api\target\classes started by gabriel.guardiola in C:\Users\gabriel.guardiola\OneDrive - BABEL\Documentos\Projects\acomodador-api)
[INFO ] 2024-03-29 12:10:26.891 [main] AcomodadorApplication - No active profile set, falling back to 1 default profile: "default"
[INFO ] 2024-03-29 12:12:40.923 [main] AcomodadorApplication - Starting AcomodadorApplication using Java 17.0.10 with PID 13728 (C:\Users\gabriel.guardiola\OneDrive - BABEL\Documentos\Projects\acomodador-api\target\classes started by gabriel.guardiola in C:\Users\gabriel.guardiola\OneDrive - BABEL\Documentos\Projects\acomodador-api)
[INFO ] 2024-03-29 12:12:40.942 [main] AcomodadorApplication - No active profile set, falling back to 1 default profile: "default"
[INFO ] 2024-03-29 12:14:21.842 [main] AcomodadorApplication - Starting AcomodadorApplication using Java 17.0.10 with PID 16132 (C:\Users\gabriel.guardiola\OneDrive - BABEL\Documentos\Projects\acomodador-api\target\classes started by gabriel.guardiola in C:\Users\gabriel.guardiola\OneDrive - BABEL\Documentos\Projects\acomodador-api)
[INFO ] 2024-03-29 12:14:21.852 [main] AcomodadorApplication - No active profile set, falling back to 1 default profile: "default"
[INFO ] 2024-03-29 12:19:06.304 [main] AcomodadorApplication - Starting AcomodadorApplication using Java 17.0.10 with PID 19964 (C:\Users\gabriel.guardiola\OneDrive - BABEL\Documentos\Projects\acomodador-api\target\classes started by gabriel.guardiola in C:\Users\gabriel.guardiola\OneDrive - BABEL\Documentos\Projects\acomodador-api)
[INFO ] 2024-03-29 12:19:06.317 [main] AcomodadorApplication - No active profile set, falling back to 1 default profile: "default"
[INFO ] 2024-03-29 12:19:23.354 [main] AcomodadorApplication - Starting AcomodadorApplication using Java 17.0.10 with PID 3260 (C:\Users\gabriel.guardiola\OneDrive - BABEL\Documentos\Projects\acomodador-api\target\classes started by gabriel.guardiola in C:\Users\gabriel.guardiola\OneDrive - BABEL\Documentos\Projects\acomodador-api)
[INFO ] 2024-03-29 12:19:23.365 [main] AcomodadorApplication - No active profile set, falling back to 1 default profile: "default"
[INFO ] 2024-03-29 12:19:56.449 [main] AcomodadorApplication - Starting AcomodadorApplication using Java 17.0.10 with PID 18244 (C:\Users\gabriel.guardiola\OneDrive - BABEL\Documentos\Projects\acomodador-api\target\classes started by gabriel.guardiola in C:\Users\gabriel.guardiola\OneDrive - BABEL\Documentos\Projects\acomodador-api)
[INFO ] 2024-03-29 12:19:56.460 [main] AcomodadorApplication - No active profile set, falling back to 1 default profile: "default"
[INFO ] 2024-03-29 12:23:31.816 [main] AcomodadorApplication - Starting AcomodadorApplication using Java 17.0.10 with PID 22760 (C:\Users\gabriel.guardiola\OneDrive - BABEL\Documentos\Projects\acomodador-api\target\classes started by gabriel.guardiola in C:\Users\gabriel.guardiola\OneDrive - BABEL\Documentos\Projects\acomodador-api)
[INFO ] 2024-03-29 12:23:31.826 [main] AcomodadorApplication - No active profile set, falling back to 1 default profile: "default"
